<?xml version="1.0" encoding="UTF-8"?>
<!-- Generated by org.testng.reporters.JUnitReportReporter -->
<testsuite hostname="DESKTOP-RRBKSRC" failures="0" tests="1" name="javapgms.PS1" time="0.010" errors="0" timestamp="2024-03-21T08:51:05 IST" skipped="0">
  <testcase classname="javapgms.PS1" name="iCan" time="0.010"/>
  <system-out/>
</testsuite> <!-- javapgms.PS1 -->
