<?xml version="1.0" encoding="UTF-8"?>
<!-- Generated by org.testng.reporters.JUnitReportReporter -->
<testsuite hostname="DESKTOP-RRBKSRC" failures="0" tests="1" name="pramodinc.seleniumframework.AmaonAlert" time="18.617" errors="0" timestamp="2024-05-01T20:15:42 IST" skipped="0">
  <testcase classname="pramodinc.seleniumframework.AmaonAlert" name="amazonOrder" time="18.617"/>
  <system-out/>
</testsuite> <!-- pramodinc.seleniumframework.AmaonAlert -->
