<?xml version="1.0" encoding="UTF-8"?>
<!-- Generated by org.testng.reporters.JUnitReportReporter -->
<testsuite hostname="DESKTOP-RRBKSRC" failures="0" tests="4" name="pramodinc.seleniumframework.EcommerceE" time="61.110" errors="0" timestamp="2024-05-01T20:15:42 IST" skipped="0">
  <testcase classname="pramodinc.seleniumframework.EcommerceE" name="submitOrder" time="15.852"/>
  <system-out/>
  <testcase classname="pramodinc.seleniumframework.EcommerceE" name="submitOrder" time="16.078"/>
  <system-out/>
  <testcase classname="pramodinc.seleniumframework.EcommerceE" name="submitOrder" time="23.863"/>
  <system-out/>
  <testcase classname="pramodinc.seleniumframework.EcommerceE" name="errorValidation" time="5.317"/>
  <system-out/>
</testsuite> <!-- pramodinc.seleniumframework.EcommerceE -->
