<?xml version="1.0" encoding="UTF-8"?>
<!-- Generated by org.testng.reporters.JUnitReportReporter -->
<testsuite hostname="DESKTOP-RRBKSRC" failures="0" tests="4" name="pramodinc.seleniumframework.EcommerceE" time="46.451" errors="0" timestamp="2024-04-20T21:04:00 IST" skipped="0">
  <testcase classname="pramodinc.seleniumframework.EcommerceE" name="submitOrder" time="8.500"/>
  <testcase classname="pramodinc.seleniumframework.EcommerceE" name="submitOrder" time="15.803"/>
  <testcase classname="pramodinc.seleniumframework.EcommerceE" name="submitOrder" time="14.857"/>
  <testcase classname="pramodinc.seleniumframework.EcommerceE" name="errorValidation" time="7.291"/>
</testsuite> <!-- pramodinc.seleniumframework.EcommerceE -->
