<?xml version="1.0" encoding="UTF-8"?>
<!-- Generated by org.testng.reporters.JUnitReportReporter -->
<testsuite hostname="DESKTOP-RRBKSRC" failures="0" tests="1" name="pramodinc.seleniumframework.AmaonAlert" time="17.085" errors="0" timestamp="2024-04-20T21:04:00 IST" skipped="0">
  <testcase classname="pramodinc.seleniumframework.AmaonAlert" name="amazonOrder" time="17.085"/>
</testsuite> <!-- pramodinc.seleniumframework.AmaonAlert -->
